#-G - Not a Funi Url
-g - Not a Funi Url
#-G - Not a Funi Url
-g - Not a Funi Url
#-G - Not a Funi Url
#-G - Not a Funi Url
#-G - Not a Funi Url
#-G - Not a Funi Url
#-G - Not a Funi Url
#-G - Not a Funi Url
#http://www.funimation.com/shows/one-piece/videos/official/steady-progress-luffys-army-vs-pica - Not a Funi Url
#-G - Not a Funi Url
#http://www.funimation.com/shows/one-piece/videos/official/steady-progress-luffys-army-vs-pica - Not a Funi Url
#-G - Not a Funi Url
#http://www.funimation.com/shows/one-piece/videos/official/steady-progress-luffys-army-vs-pica - Not a Funi Url
#-G - Not a Funi Url
#http://www.funimation.com/shows/one-piece/videos/official/steady-progress-luffys-army-vs-pica - Not a Funi Url
http://www.funimation.com/shows/assassination-classroom/videos/official/school-trip-time1st-period?watch=dub - No dub
http://www.funimation.com/shows/assassination-classroom/videos/official/school-trip-time2nd-period?watch=dub - No dub
http://www.funimation.com/shows/assassination-classroom/videos/official/transfer-student-time?watch=dub - No dub
http://www.funimation.com/shows/assassination-classroom/videos/official/l-and-r-time?watch=dub - No dub
#-G - Not a Funi Url
#http://www.funimation.com/shows/one-piece/videos/official/steady-progress-luffys-army-vs-pica - Not a Funi Url
http://www.funimation.com/shows/assassination-classroom/videos/official/school-trip-time1st-period - No dub
http://www.funimation.com/shows/assassination-classroom/videos/official/school-trip-time2nd-period - No dub
http://www.funimation.com/shows/assassination-classroom/videos/official/transfer-student-time - No dub
http://www.funimation.com/shows/assassination-classroom/videos/official/l-and-r-time - No dub
#-G - Not a Funi Url
#http://www.funimation.com/shows/one-piece/videos/official/steady-progress-luffys-army-vs-pica - Not a Funi Url
#-G - Not a Funi Url
#http://www.funimation.com/shows/one-piece/videos/official/steady-progress-luffys-army-vs-pica - Not a Funi Url
#-G - Not a Funi Url
#-G - Not a Funi Url
#-G - Not a Funi Url
#-G - Not a Funi Url
#-G - Not a Funi Url
#-G - Not a Funi Url
#-G - Not a Funi Url
#-G - Not a Funi Url
#-G - Not a Funi Url
#-G - Not a Funi Url
#-G - Not a Funi Url
#http://www.funimation.com/shows/assassination-classroom/videos/official/test-time - Not a Funi Url
#-G - Not a Funi Url
#http://www.funimation.com/shows/assassination-classroom/videos/official/test-time - Not a Funi Url
#-G - Not a Funi Url
#http://www.funimation.com/shows/assassination-classroom/videos/official/test-time - Not a Funi Url
#-G - Not a Funi Url
#http://www.funimation.com/shows/assassination-classroom/videos/official/test-time - Not a Funi Url
#-G - Not a Funi Url
#http://www.funimation.com/shows/assassination-classroom/videos/official/test-time - Not a Funi Url
#-G - Not a Funi Url
#http://www.funimation.com/shows/assassination-classroom/videos/official/test-time - Not a Funi Url
#-G - Not a Funi Url
#http://www.funimation.com/shows/assassination-classroom/videos/official/test-time - Not a Funi Url
#http://www.funimation.com/shows/world-break/videos/official/dwell-within-my-sword-magic-flame - Not a Funi Url
#-G - Not a Funi Url
#http://www.funimation.com/shows/world-break/videos/official/dwell-within-my-sword-magic-flame - Not a Funi Url
#http://www.funimation.com/shows/world-break/videos/official/dwell-within-my-sword-magic-flame - Not a Funi Url
#-G - Not a Funi Url
#http://www.funimation.com/shows/world-break/videos/official/the-netherworld-sorceress - Not a Funi Url
#-G - Not a Funi Url
#http://www.funimation.com/shows/world-break/videos/official/the-netherworld-sorceress - Not a Funi Url
#-G - Not a Funi Url
#-G - Not a Funi Url
#http://www.funimation.com/shows/world-break/videos/official/the-netherworld-sorceress - Not a Funi Url
#-G - Not a Funi Url
#-G - Not a Funi Url
#http://www.funimation.com/shows/world-break/videos/official/the-netherworld-sorceress - Not a Funi Url
#http://www.funimation.com/shows/world-break/videos/official/the-netherworld-sorceress - Not a Funi Url
#-G - Not a Funi Url
#http://www.funimation.com/shows/world-break/videos/official/the-netherworld-sorceress - Not a Funi Url
#-G - Not a Funi Url
#http://www.funimation.com/shows/world-break/videos/official/the-netherworld-sorceress - Not a Funi Url
#-G - Not a Funi Url
#http://www.funimation.com/shows/one-piece/videos/official/a-desperate-situation-luffy-gets-caught-in-a-trap - Not a Funi Url
#http://www.funimation.com/shows/world-break/videos/official/the-netherworld-sorceress - Not a Funi Url
#-G - Not a Funi Url
http://www.funimation.com/shows/assassination-classroom/videos/official/transfer-student-time2nd-period - -q 2nd parameter missing or Not valid
#http://www.funimation.com/shows/one-piece/videos/official/a-desperate-situation-luffy-gets-caught-in-a-trap - Not a Funi Url
#http://www.funimation.com/shows/world-break/videos/official/the-netherworld-sorceress - Not a Funi Url
#-G - Not a Funi Url
http://www.funimation.com/shows/assassination-classroom/videos/official/transfer-student-time2nd-period - -q 2nd parameter missing or Not valid
#http://www.funimation.com/shows/one-piece/videos/official/a-desperate-situation-luffy-gets-caught-in-a-trap - Not a Funi Url
#http://www.funimation.com/shows/world-break/videos/official/the-netherworld-sorceress - Not a Funi Url
#-G - Not a Funi Url
#http://www.funimation.com/shows/one-piece/videos/official/a-desperate-situation-luffy-gets-caught-in-a-trap - Not a Funi Url
#http://www.funimation.com/shows/world-break/videos/official/the-netherworld-sorceress - Not a Funi Url
#-G - Not a Funi Url
#http://www.funimation.com/shows/one-piece/videos/official/a-desperate-situation-luffy-gets-caught-in-a-trap - Not a Funi Url
#http://www.funimation.com/shows/world-break/videos/official/the-netherworld-sorceress - Not a Funi Url
#-G - Not a Funi Url
#http://www.funimation.com/shows/one-piece/videos/official/a-desperate-situation-luffy-gets-caught-in-a-trap - Not a Funi Url
#http://www.funimation.com/shows/world-break/videos/official/the-netherworld-sorceress - Not a Funi Url
#-G - Not a Funi Url
#http://www.funimation.com/shows/one-piece/videos/official/a-desperate-situation-luffy-gets-caught-in-a-trap - Not a Funi Url
#http://www.funimation.com/shows/world-break/videos/official/the-netherworld-sorceress - Not a Funi Url
#-G - Not a Funi Url
#http://www.funimation.com/shows/one-piece/videos/official/a-desperate-situation-luffy-gets-caught-in-a-trap - Not a Funi Url
#http://www.funimation.com/shows/world-break/videos/official/the-netherworld-sorceress - Not a Funi Url
#-G - Not a Funi Url
#http://www.funimation.com/shows/one-piece/videos/official/a-desperate-situation-luffy-gets-caught-in-a-trap - Not a Funi Url
#http://www.funimation.com/shows/world-break/videos/official/the-netherworld-sorceress - Not a Funi Url
#-G - Not a Funi Url
#http://www.funimation.com/shows/one-piece/videos/official/a-desperate-situation-luffy-gets-caught-in-a-trap - Not a Funi Url
#http://www.funimation.com/shows/world-break/videos/official/the-netherworld-sorceress - Not a Funi Url
#-G - Not a Funi Url
#-G - Not a Funi Url
#http://www.funimation.com/shows/one-piece/videos/official/a-desperate-situation-luffy-gets-caught-in-a-trap - Not a Funi Url
#http://www.funimation.com/shows/world-break/videos/official/the-netherworld-sorceress - Not a Funi Url
#-G - Not a Funi Url
#http://www.funimation.com/shows/one-piece/videos/official/a-desperate-situation-luffy-gets-caught-in-a-trap - Not a Funi Url
#http://www.funimation.com/shows/world-break/videos/official/the-netherworld-sorceress - Not a Funi Url
#-G - Not a Funi Url
#http://www.funimation.com/shows/one-piece/videos/official/a-desperate-situation-luffy-gets-caught-in-a-trap - Not a Funi Url
#http://www.funimation.com/shows/world-break/videos/official/the-netherworld-sorceress - Not a Funi Url
#-G - Not a Funi Url
#http://www.funimation.com/shows/one-piece/videos/official/a-desperate-situation-luffy-gets-caught-in-a-trap - Not a Funi Url
#http://www.funimation.com/shows/world-break/videos/official/the-netherworld-sorceress - Not a Funi Url
#-G - Not a Funi Url
#http://www.funimation.com/shows/one-piece/videos/official/a-desperate-situation-luffy-gets-caught-in-a-trap - Not a Funi Url
#http://www.funimation.com/shows/world-break/videos/official/the-netherworld-sorceress - Not a Funi Url
#-G - Not a Funi Url
#http://www.funimation.com/shows/one-piece/videos/official/a-desperate-situation-luffy-gets-caught-in-a-trap - Not a Funi Url
#http://www.funimation.com/shows/world-break/videos/official/the-netherworld-sorceress - Not a Funi Url
#-G - Not a Funi Url
#http://www.funimation.com/shows/one-piece/videos/official/a-desperate-situation-luffy-gets-caught-in-a-trap - Not a Funi Url
#http://www.funimation.com/shows/world-break/videos/official/the-netherworld-sorceress - Not a Funi Url
#-G - Not a Funi Url
#http://www.funimation.com/shows/one-piece/videos/official/a-desperate-situation-luffy-gets-caught-in-a-trap - Not a Funi Url

#-G - Not a Funi Url
#http://www.funimation.com/shows/one-piece/videos/official/a-desperate-situation-luffy-gets-caught-in-a-trap - Not a Funi Url
#http://www.funimation.com/shows/world-break/videos/official/the-netherworld-sorceress - Not a Funi Url
#-G - Not a Funi Url
#http://www.funimation.com/shows/one-piece/videos/official/a-desperate-situation-luffy-gets-caught-in-a-trap - Not a Funi Url
#http://www.funimation.com/shows/world-break/videos/official/the-netherworld-sorceress - Not a Funi Url
#-G - Not a Funi Url
#http://www.funimation.com/shows/one-piece/videos/official/a-desperate-situation-luffy-gets-caught-in-a-trap - Not a Funi Url
#http://www.funimation.com/shows/world-break/videos/official/the-netherworld-sorceress - Not a Funi Url
#-G - Not a Funi Url
#http://www.funimation.com/shows/one-piece/videos/official/a-desperate-situation-luffy-gets-caught-in-a-trap - Not a Funi Url
#http://www.funimation.com/shows/world-break/videos/official/the-netherworld-sorceress - Not a Funi Url
#-G - Not a Funi Url
#-G - Not a Funi Url
#http://www.funimation.com/shows/one-piece/videos/official/a-desperate-situation-luffy-gets-caught-in-a-trap - Not a Funi Url
#http://www.funimation.com/shows/world-break/videos/official/the-netherworld-sorceress - Not a Funi Url
#-G - Not a Funi Url
#-G - Not a Funi Url
#-G - Not a Funi Url
#http://www.funimation.com/shows/one-piece/videos/official/a-desperate-situation-luffy-gets-caught-in-a-trap - Not a Funi Url
#http://www.funimation.com/shows/world-break/videos/official/the-netherworld-sorceress - Not a Funi Url
#-G - Not a Funi Url
#http://www.funimation.com/shows/one-piece/videos/official/a-desperate-situation-luffy-gets-caught-in-a-trap - Not a Funi Url
#http://www.funimation.com/shows/world-break/videos/official/the-netherworld-sorceress - Not a Funi Url
#-G - Not a Funi Url
#-G - Not a Funi Url
#http://www.funimation.com/shows/one-piece/videos/official/a-desperate-situation-luffy-gets-caught-in-a-trap - Not a Funi Url
#http://www.funimation.com/shows/world-break/videos/official/the-netherworld-sorceress - Not a Funi Url
#-G - Not a Funi Url
#http://www.funimation.com/shows/one-piece/videos/official/a-desperate-situation-luffy-gets-caught-in-a-trap - Not a Funi Url
#http://www.funimation.com/shows/world-break/videos/official/the-netherworld-sorceress - Not a Funi Url
#-G - Not a Funi Url
hhttp://www.funimation.com/shows/assassination-classroom/videos/official/action-time - Not a Funi Url
#http://www.funimation.com/shows/one-piece/videos/official/a-desperate-situation-luffy-gets-caught-in-a-trap - Not a Funi Url
#http://www.funimation.com/shows/world-break/videos/official/the-netherworld-sorceress - Not a Funi Url
#-G - Not a Funi Url
hhttp://www.funimation.com/shows/assassination-classroom/videos/official/action-time - Not a Funi Url
#http://www.funimation.com/shows/one-piece/videos/official/a-desperate-situation-luffy-gets-caught-in-a-trap - Not a Funi Url
#http://www.funimation.com/shows/world-break/videos/official/the-netherworld-sorceress - Not a Funi Url
#-G - Not a Funi Url
#http://www.funimation.com/shows/one-piece/videos/official/a-desperate-situation-luffy-gets-caught-in-a-trap - Not a Funi Url
#http://www.funimation.com/shows/world-break/videos/official/the-netherworld-sorceress - Not a Funi Url
#-G - Not a Funi Url
#-G - Not a Funi Url
#http://www.funimation.com/shows/one-piece/videos/official/a-desperate-situation-luffy-gets-caught-in-a-trap - Not a Funi Url
#http://www.funimation.com/shows/world-break/videos/official/the-netherworld-sorceress - Not a Funi Url
#-G - Not a Funi Url
#http://www.funimation.com/shows/one-piece/videos/official/a-desperate-situation-luffy-gets-caught-in-a-trap - Not a Funi Url
#http://www.funimation.com/shows/world-break/videos/official/the-netherworld-sorceress - Not a Funi Url
#-G - Not a Funi Url
#http://www.funimation.com/shows/one-piece/videos/official/a-desperate-situation-luffy-gets-caught-in-a-trap - Not a Funi Url
#http://www.funimation.com/shows/world-break/videos/official/the-netherworld-sorceress - Not a Funi Url
#-G - Not a Funi Url
http://www.funimation.com/shows/hetalia/videos/official/the-world-twinkle-episode-1 - No 1080p
#http://www.funimation.com/shows/one-piece/videos/official/a-desperate-situation-luffy-gets-caught-in-a-trap - Not a Funi Url
#http://www.funimation.com/shows/world-break/videos/official/the-netherworld-sorceress - Not a Funi Url
#-G - Not a Funi Url
http://www.funimation.com/shows/hetalia/videos/official/the-world-twinkle-episode-1 - No 1080p
#http://www.funimation.com/shows/one-piece/videos/official/a-desperate-situation-luffy-gets-caught-in-a-trap - Not a Funi Url
#http://www.funimation.com/shows/world-break/videos/official/the-netherworld-sorceress - Not a Funi Url
#-G - Not a Funi Url
http://www.funimation.com/shows/hetalia/videos/official/the-world-twinkle-episode-1 - No 720p
#http://www.funimation.com/shows/one-piece/videos/official/a-desperate-situation-luffy-gets-caught-in-a-trap - Not a Funi Url
#http://www.funimation.com/shows/world-break/videos/official/the-netherworld-sorceress - Not a Funi Url
#-G - Not a Funi Url
#-G - Not a Funi Url
#http://www.funimation.com/shows/one-piece/videos/official/a-desperate-situation-luffy-gets-caught-in-a-trap - Not a Funi Url
#http://www.funimation.com/shows/world-break/videos/official/the-netherworld-sorceress - Not a Funi Url
#-G - Not a Funi Url
#http://www.funimation.com/shows/one-piece/videos/official/a-desperate-situation-luffy-gets-caught-in-a-trap - Not a Funi Url
#http://www.funimation.com/shows/world-break/videos/official/the-netherworld-sorceress - Not a Funi Url
#-G - Not a Funi Url
#-G - Not a Funi Url
#http://www.funimation.com/shows/one-piece/videos/official/a-desperate-situation-luffy-gets-caught-in-a-trap - Not a Funi Url
#http://www.funimation.com/shows/world-break/videos/official/the-netherworld-sorceress - Not a Funi Url
#-G - Not a Funi Url
#http://www.funimation.com/shows/one-piece/videos/official/a-desperate-situation-luffy-gets-caught-in-a-trap - Not a Funi Url
#http://www.funimation.com/shows/world-break/videos/official/the-netherworld-sorceress - Not a Funi Url
#-G - Not a Funi Url
#http://www.funimation.com/shows/one-piece/videos/official/a-desperate-situation-luffy-gets-caught-in-a-trap - Not a Funi Url
#http://www.funimation.com/shows/world-break/videos/official/the-netherworld-sorceress - Not a Funi Url
#-G - Not a Funi Url
#http://www.funimation.com/shows/one-piece/videos/official/a-desperate-situation-luffy-gets-caught-in-a-trap - Not a Funi Url
#http://www.funimation.com/shows/world-break/videos/official/the-netherworld-sorceress - Not a Funi Url
#-G - Not a Funi Url
#http://www.funimation.com/shows/one-piece/videos/official/a-desperate-situation-luffy-gets-caught-in-a-trap - Not a Funi Url
#http://www.funimation.com/shows/world-break/videos/official/the-netherworld-sorceress - Not a Funi Url
#-G - Not a Funi Url
#http://www.funimation.com/shows/one-piece/videos/official/a-desperate-situation-luffy-gets-caught-in-a-trap - Not a Funi Url
#http://www.funimation.com/shows/world-break/videos/official/the-netherworld-sorceress - Not a Funi Url
#-G - Not a Funi Url
#http://www.funimation.com/shows/one-piece/videos/official/a-desperate-situation-luffy-gets-caught-in-a-trap - Not a Funi Url
#http://www.funimation.com/shows/world-break/videos/official/the-netherworld-sorceress - Not a Funi Url
#-G - Not a Funi Url
#http://www.funimation.com/shows/one-piece/videos/official/a-desperate-situation-luffy-gets-caught-in-a-trap - Not a Funi Url
#http://www.funimation.com/shows/world-break/videos/official/the-netherworld-sorceress - Not a Funi Url
#-G - Not a Funi Url
#http://www.funimation.com/shows/one-piece/videos/official/a-desperate-situation-luffy-gets-caught-in-a-trap - Not a Funi Url
#http://www.funimation.com/shows/world-break/videos/official/the-netherworld-sorceress - Not a Funi Url
#-G - Not a Funi Url
#http://www.funimation.com/shows/one-piece/videos/official/a-desperate-situation-luffy-gets-caught-in-a-trap - Not a Funi Url
#http://www.funimation.com/shows/world-break/videos/official/the-netherworld-sorceress - Not a Funi Url
#-G - Not a Funi Url
#http://www.funimation.com/shows/one-piece/videos/official/a-desperate-situation-luffy-gets-caught-in-a-trap - Not a Funi Url
#http://www.funimation.com/shows/world-break/videos/official/the-netherworld-sorceress - Not a Funi Url
#-G - Not a Funi Url
#http://www.funimation.com/shows/one-piece/videos/official/a-desperate-situation-luffy-gets-caught-in-a-trap - Not a Funi Url
#http://www.funimation.com/shows/world-break/videos/official/the-netherworld-sorceress - Not a Funi Url
#http://www.funimation.com/shows/assassination-classroom/videos/official/karma-time2nd-period - Not a Funi Url
#-G - Not a Funi Url
#http://www.funimation.com/shows/one-piece/videos/official/a-desperate-situation-luffy-gets-caught-in-a-trap - Not a Funi Url
#http://www.funimation.com/shows/world-break/videos/official/the-netherworld-sorceress - Not a Funi Url
#http://www.funimation.com/shows/assassination-classroom/videos/official/karma-time2nd-period - Not a Funi Url
#-G - Not a Funi Url
#http://www.funimation.com/shows/one-piece/videos/official/a-desperate-situation-luffy-gets-caught-in-a-trap - Not a Funi Url
#http://www.funimation.com/shows/world-break/videos/official/the-netherworld-sorceress - Not a Funi Url
#http://www.funimation.com/shows/assassination-classroom/videos/official/karma-time2nd-period - Not a Funi Url
http://www.funimation.com/shows/dragon-ball-z/videos/official/z-warriors-prepare - No 1080p
http://www.funimation.com/shows/dragon-ball-z/videos/official/z-warriors-prepare - No 720p
